<?xml version="1.0" encoding="UTF-8"?>
<!-- Generated by org.testng.reporters.JUnitReportReporter -->
<testsuite skipped="0" hostname="QMC086" name="testNGtest.FbLoginTest" tests="1" failures="0" timestamp="01 Mar 2019 06:50:28 GMT" time="30.249" errors="0">
  <testcase name="init" time="30.249" classname="testNGtest.FbLoginTest"/>
</testsuite> <!-- testNGtest.FbLoginTest -->
